Arguments: 
  /home/roni/.nvm/versions/node/v16.9.1/bin/node /home/roni/.nvm/versions/node/v16.9.1/bin/yarn

PATH: 
  /home/roni/.nvm/versions/node/v16.9.1/bin:/usr/local/sbin:/usr/local/bin:/usr/bin:/usr/bin/site_perl:/usr/bin/vendor_perl:/usr/bin/core_perl

Yarn version: 
  1.22.11

Node version: 
  16.9.1

Platform: 
  linux x64

Trace: 
  Error: https://registry.yarnpkg.com/refractor/-/refractor-2.10.1.tgz: ETIMEDOUT
      at Timeout._onTimeout (/home/roni/.nvm/versions/node/v16.9.1/lib/node_modules/yarn/lib/cli.js:141423:19)
      at listOnTimeout (node:internal/timers:557:17)
      at processTimers (node:internal/timers:500:7)

npm manifest: 
  {
    "name": "vite-react-tailwind-starter",
    "version": "0.0.0",
    "scripts": {
      "dev": "vite",
      "build": "vite build",
      "serve": "vite preview"
    },
    "dependencies": {
      "@apollo/client": "^3.4.13",
      "@supabase/ui": "^0.35.0",
      "@tailwindcss/forms": "^0.3.2",
      "graphql": "^15.6.0",
      "react": "^17.0.0",
      "react-code-blocks": "^0.0.9-0",
      "react-dom": "^17.0.0",
      "react-helmet": "^6.1.0",
      "react-router": "^5.2.0",
      "react-router-dom": "^5.2.0"
    },
    "devDependencies": {
      "@vitejs/plugin-react-refresh": "^1.3.1",
      "autoprefixer": "^10.2.5",
      "postcss": "^8.2.13",
      "tailwindcss": "^2.1.2",
      "vite": "^2.2.3"
    }
  }

yarn manifest: 
  No manifest

Lockfile: 
  No lockfile
